<?xml version="1.0" encoding="UTF-8"?>
<!-- Generated by org.testng.reporters.JUnitReportReporter -->
<testsuite hostname="Pallavi-Sadhus-MacBook-Air.local" failures="0" tests="2" name="presta_testcases.TC_01" time="10.803" errors="0" timestamp="2023-03-05T18:15:08 CST" skipped="0">
  <testcase classname="presta_testcases.TC_01" name="verifyNavigationToDashboard" time="6.108"/>
  <system-out/>
  <testcase classname="presta_testcases.TC_01" name="verifyEmailId" time="4.695"/>
  <system-out/>
</testsuite> <!-- presta_testcases.TC_01 -->
