<?xml version="1.0" encoding="UTF-8"?>
<!-- Generated by org.testng.reporters.JUnitReportReporter -->
<testsuite hostname="Pallavi-Sadhus-MacBook-Air.local" failures="0" tests="2" name="presta_testcases.TC_01" time="11.306" errors="0" timestamp="2023-03-05T18:37:18 CST" skipped="0">
  <testcase classname="presta_testcases.TC_01" name="verifyNavigationToDashboard" time="6.957"/>
  <system-out/>
  <testcase classname="presta_testcases.TC_01" name="verifyEmailId" time="4.349"/>
  <system-out/>
</testsuite> <!-- presta_testcases.TC_01 -->
